[debug] [2025-05-21T16:18:51.412Z] ----------------------------------------------------------------------
[debug] [2025-05-21T16:18:51.441Z] Command:       /usr/local/bin/node /Users/mars/.npm-global/bin/firebase deploy --only functions:forceUpdateTrainingProgressCache
[debug] [2025-05-21T16:18:51.441Z] CLI Version:   14.1.0
[debug] [2025-05-21T16:18:51.442Z] Platform:      darwin
[debug] [2025-05-21T16:18:51.442Z] Node Version:  v22.14.0
[debug] [2025-05-21T16:18:51.442Z] Time:          Thu May 22 2025 00:18:51 GMT+0800 (台北標準時間)
[debug] [2025-05-21T16:18:51.442Z] ----------------------------------------------------------------------
[debug] 
[debug] [2025-05-21T16:18:51.800Z] > command requires scopes: ["email","openid","https://www.googleapis.com/auth/cloudplatformprojects.readonly","https://www.googleapis.com/auth/firebase","https://www.googleapis.com/auth/cloud-platform"]
[debug] [2025-05-21T16:18:51.801Z] > authorizing via signed-in user (marscatetfz@gmail.com)
[debug] [2025-05-21T16:18:51.802Z] [iam] checking project joi-team for permissions ["cloudfunctions.functions.create","cloudfunctions.functions.delete","cloudfunctions.functions.get","cloudfunctions.functions.list","cloudfunctions.functions.update","cloudfunctions.operations.get","firebase.projects.get"]
[debug] [2025-05-21T16:18:51.807Z] Checked if tokens are valid: false, expires at: 1747840831840
[debug] [2025-05-21T16:18:51.808Z] Checked if tokens are valid: false, expires at: 1747840831840
[debug] [2025-05-21T16:18:51.808Z] > refreshing access token with scopes: []
[debug] [2025-05-21T16:18:51.813Z] >>> [apiv2][query] POST https://www.googleapis.com/oauth2/v3/token [none]
[debug] [2025-05-21T16:18:51.813Z] >>> [apiv2][body] POST https://www.googleapis.com/oauth2/v3/token [omitted]
[debug] [2025-05-21T16:18:52.495Z] <<< [apiv2][status] POST https://www.googleapis.com/oauth2/v3/token 200
[debug] [2025-05-21T16:18:52.496Z] <<< [apiv2][body] POST https://www.googleapis.com/oauth2/v3/token [omitted]
[debug] [2025-05-21T16:18:52.539Z] >>> [apiv2][query] POST https://cloudresourcemanager.googleapis.com/v1/projects/joi-team:testIamPermissions [none]
[debug] [2025-05-21T16:18:52.539Z] >>> [apiv2][(partial)header] POST https://cloudresourcemanager.googleapis.com/v1/projects/joi-team:testIamPermissions x-goog-quota-user=projects/joi-team
[debug] [2025-05-21T16:18:52.539Z] >>> [apiv2][body] POST https://cloudresourcemanager.googleapis.com/v1/projects/joi-team:testIamPermissions {"permissions":["cloudfunctions.functions.create","cloudfunctions.functions.delete","cloudfunctions.functions.get","cloudfunctions.functions.list","cloudfunctions.functions.update","cloudfunctions.operations.get","firebase.projects.get"]}
[debug] [2025-05-21T16:18:53.587Z] <<< [apiv2][status] POST https://cloudresourcemanager.googleapis.com/v1/projects/joi-team:testIamPermissions 200
[debug] [2025-05-21T16:18:53.588Z] <<< [apiv2][body] POST https://cloudresourcemanager.googleapis.com/v1/projects/joi-team:testIamPermissions {"permissions":["cloudfunctions.functions.create","cloudfunctions.functions.delete","cloudfunctions.functions.get","cloudfunctions.functions.list","cloudfunctions.functions.update","cloudfunctions.operations.get","firebase.projects.get"]}
[debug] [2025-05-21T16:18:53.588Z] Checked if tokens are valid: true, expires at: 1747847931496
[debug] [2025-05-21T16:18:53.588Z] Checked if tokens are valid: true, expires at: 1747847931496
[debug] [2025-05-21T16:18:53.588Z] >>> [apiv2][query] POST https://iam.googleapis.com/v1/projects/joi-team/serviceAccounts/joi-team@appspot.gserviceaccount.com:testIamPermissions [none]
[debug] [2025-05-21T16:18:53.588Z] >>> [apiv2][body] POST https://iam.googleapis.com/v1/projects/joi-team/serviceAccounts/joi-team@appspot.gserviceaccount.com:testIamPermissions {"permissions":["iam.serviceAccounts.actAs"]}
[debug] [2025-05-21T16:18:54.834Z] <<< [apiv2][status] POST https://iam.googleapis.com/v1/projects/joi-team/serviceAccounts/joi-team@appspot.gserviceaccount.com:testIamPermissions 200
[debug] [2025-05-21T16:18:54.834Z] <<< [apiv2][body] POST https://iam.googleapis.com/v1/projects/joi-team/serviceAccounts/joi-team@appspot.gserviceaccount.com:testIamPermissions {"permissions":["iam.serviceAccounts.actAs"]}
[info] 
[info] === Deploying to 'joi-team'...
[info] 
[info] i  deploying functions 
[info] Running command: npm --prefix "$RESOURCE_DIR" run lint
